2011-Nov-30 22:52:10 ---   Archivo de actualización creado
2011-Nov-30 22:52:11 ---   Archivo de actualización creado
2011-Dec-01 11:04:16 ---   Categoría creada: Leopoldo
2011-Dec-01 11:07:20 ---   Usuario creado
2011-Dec-01 11:10:08 ---   Categoría creada: Hola
2011-Dec-01 16:28:41 ---   Archivo de actualización creado
2011-Dec-01 16:28:42 ---   Archivo de actualización creado
2011-Dec-01 16:29:13 ---   Archivo de actualización creado
2011-Dec-01 16:29:13 ---   Archivo de actualización creado
2011-Dec-01 16:29:28 ---   Archivo de actualización creado
2011-Dec-01 16:29:28 ---   Archivo de actualización creado
2011-Dec-01 16:29:38 ---   Archivo de actualización creado
2011-Dec-01 16:29:38 ---   Archivo de actualización creado
2011-Dec-01 16:29:59 ---   Archivo de actualización creado
2011-Dec-01 16:29:59 ---   Archivo de actualización creado
2011-Dec-01 16:35:45 ---   Archivo de actualización creado
2011-Dec-01 16:35:45 ---   Archivo de actualización creado
2011-Dec-01 16:36:03 ---   Archivo de actualización creado
2011-Dec-01 16:36:03 ---   Archivo de actualización creado
2011-Dec-01 16:37:15 ---   Archivo de actualización creado
2011-Dec-01 16:37:15 ---   Archivo de actualización creado
2011-Dec-01 16:37:45 ---   Archivo de actualización creado
2011-Dec-01 16:37:45 ---   Archivo de actualización creado
2011-Dec-01 16:37:56 ---   Archivo de actualización creado
2011-Dec-01 16:37:57 ---   Archivo de actualización creado
2011-Dec-01 16:38:19 ---   Archivo de actualización creado
2011-Dec-01 16:38:19 ---   Archivo de actualización creado
2011-Dec-01 16:51:30 ---   Error creando eventoparticipante
2011-Dec-01 16:54:42 ---   Máquina creada
2011-Dec-01 16:55:37 ---   Máquina creada
2011-Dec-01 19:01:51 ---   Archivo de actualización creado
2011-Dec-01 19:01:51 ---   Archivo de actualización creado
2011-Dec-01 19:11:18 ---   Archivo de actualización creado
2011-Dec-01 19:11:18 ---   Archivo de actualización creado
2011-Dec-01 19:35:58 ---   Archivo de actualización creado
2011-Dec-01 19:35:58 ---   Archivo de actualización creado
2011-Dec-01 19:36:03 ---   Archivo de actualización creado
2011-Dec-01 19:36:03 ---   Archivo de actualización creado
2011-Dec-01 19:36:37 ---   Archivo de actualización creado
2011-Dec-01 19:36:37 ---   Archivo de actualización creado
2011-Dec-01 19:36:39 ---   Archivo de actualización creado
2011-Dec-01 19:36:39 ---   Archivo de actualización creado
2011-Dec-01 19:42:16 ---   Archivo de actualización creado
2011-Dec-01 19:42:16 ---   Archivo de actualización creado
